

================================================================
== Vivado HLS Report for 'count_toggle'
================================================================
* Date:           Fri Apr 30 21:20:11 2021

* Version:        2019.2 (Build 2704478 on Wed Nov 06 22:10:23 MST 2019)
* Project:        pjt_hlsIBUFDS
* Solution:       solution1
* Product family: zynq
* Target device:  xc7z020-clg400-1


================================================================
== Performance Estimates
================================================================
+ Timing: 
    * Summary: 
    +--------+----------+----------+------------+
    |  Clock |  Target  | Estimated| Uncertainty|
    +--------+----------+----------+------------+
    |ap_clk  | 10.00 ns | 6.794 ns |   1.25 ns  |
    +--------+----------+----------+------------+

+ Latency: 
    * Summary: 
    +---------+---------+----------+----------+-----+-----+---------+
    |  Latency (cycles) |  Latency (absolute) |  Interval | Pipeline|
    |   min   |   max   |    min   |    max   | min | max |   Type  |
    +---------+---------+----------+----------+-----+-----+---------+
    |        0|        0|   0 ns   |   0 ns   |    0|    0|   none  |
    +---------+---------+----------+----------+-----+-----+---------+

    + Detail: 
        * Instance: 
        N/A

        * Loop: 
        N/A



================================================================
== Utilization Estimates
================================================================
* Summary: 
+-----------------+---------+-------+--------+-------+-----+
|       Name      | BRAM_18K| DSP48E|   FF   |  LUT  | URAM|
+-----------------+---------+-------+--------+-------+-----+
|DSP              |        -|      -|       -|      -|    -|
|Expression       |        -|      -|       0|     59|    -|
|FIFO             |        -|      -|       -|      -|    -|
|Instance         |        -|      -|       -|      -|    -|
|Memory           |        -|      -|       -|      -|    -|
|Multiplexer      |        -|      -|       -|     15|    -|
|Register         |        -|      -|      34|      -|    -|
+-----------------+---------+-------+--------+-------+-----+
|Total            |        0|      0|      34|     74|    0|
+-----------------+---------+-------+--------+-------+-----+
|Available        |      280|    220|  106400|  53200|    0|
+-----------------+---------+-------+--------+-------+-----+
|Utilization (%)  |        0|      0|   ~0   |   ~0  |    0|
+-----------------+---------+-------+--------+-------+-----+

+ Detail: 
    * Instance: 
    N/A

    * DSP48E: 
    N/A

    * Memory: 
    N/A

    * FIFO: 
    N/A

    * Expression: 
    +--------------------+----------+-------+---+----+------------+------------+
    |    Variable Name   | Operation| DSP48E| FF| LUT| Bitwidth P0| Bitwidth P1|
    +--------------------+----------+-------+---+----+------------+------------+
    |add_ln10_fu_49_p2   |     +    |      0|  0|  39|          32|           1|
    |icmp_ln11_fu_61_p2  |   icmp   |      0|  0|  18|          32|           2|
    |xor_ln13_fu_72_p2   |    xor   |      0|  0|   2|           1|           2|
    +--------------------+----------+-------+---+----+------------+------------+
    |Total               |          |      0|  0|  59|          65|           5|
    +--------------------+----------+-------+---+----+------------+------------+

    * Multiplexer: 
    +------------------------------------------+----+-----------+-----+-----------+
    |                   Name                   | LUT| Input Size| Bits| Total Bits|
    +------------------------------------------+----+-----------+-----+-----------+
    |ap_phi_mux_toggle_max_loc_0_phi_fu_38_p4  |  15|          3|    1|          3|
    +------------------------------------------+----+-----------+-----+-----------+
    |Total                                     |  15|          3|    1|          3|
    +------------------------------------------+----+-----------+-----+-----------+

    * Register: 
    +------------+----+----+-----+-----------+
    |    Name    | FF | LUT| Bits| Const Bits|
    +------------+----+----+-----+-----------+
    |ap_CS_fsm   |   1|   0|    1|          0|
    |count       |  32|   0|   32|          0|
    |toggle_max  |   1|   0|    1|          0|
    +------------+----+----+-----+-----------+
    |Total       |  34|   0|   34|          0|
    +------------+----+----+-----+-----------+



================================================================
== Interface
================================================================
* Summary: 
+---------------+-----+-----+--------------+--------------+--------------+
|   RTL Ports   | Dir | Bits|   Protocol   | Source Object|    C Type    |
+---------------+-----+-----+--------------+--------------+--------------+
|ap_clk         |  in |    1| ap_ctrl_none | count_toggle | return value |
|ap_rst         |  in |    1| ap_ctrl_none | count_toggle | return value |
|toggle         | out |    1|    ap_vld    |    toggle    |    pointer   |
|toggle_ap_vld  | out |    1|    ap_vld    |    toggle    |    pointer   |
+---------------+-----+-----+--------------+--------------+--------------+

